<?xml version="1.0" encoding="UTF-8"?>
<testng-results skipped="0" failed="1" total="5" passed="4">
  <reporter-output>
  </reporter-output>
  <suite name="Default suite" duration-ms="5380" started-at="2019-05-21T04:46:25Z" finished-at="2019-05-21T04:46:31Z">
    <groups>
    </groups>
    <test name="Default test" duration-ms="5380" started-at="2019-05-21T04:46:25Z" finished-at="2019-05-21T04:46:31Z">
      <class name="task.one.SWAPI.Planets.StarWarsAPI">
        <test-method status="PASS" signature="getAllPlanets()[pri:0, instance:task.one.SWAPI.Planets.StarWarsAPI@5034c75a]" name="getAllPlanets" duration-ms="2675" started-at="2019-05-21T00:46:25Z" finished-at="2019-05-21T00:46:28Z">
          <reporter-output>
          </reporter-output>
        </test-method> <!-- getAllPlanets -->
        <test-method status="FAIL" signature="getPlanetByID_Negative()[pri:0, instance:task.one.SWAPI.Planets.StarWarsAPI@5034c75a]" name="getPlanetByID_Negative" duration-ms="828" started-at="2019-05-21T00:46:28Z" finished-at="2019-05-21T00:46:29Z">
          <exception class="java.lang.AssertionError">
            <message>
              <![CDATA[Wrong Planet - Test Passed expected [Alderaan] but found [Yavin IV]]]>
            </message>
            <full-stacktrace>
              <![CDATA[java.lang.AssertionError: Wrong Planet - Test Passed expected [Alderaan] but found [Yavin IV]
	at org.testng.Assert.fail(Assert.java:94)
	at org.testng.Assert.failNotEquals(Assert.java:494)
	at org.testng.Assert.assertEquals(Assert.java:123)
	at org.testng.Assert.assertEquals(Assert.java:176)
	at task.one.SWAPI.Planets.StarWarsAPI.getPlanetByID_Negative(StarWarsAPI.java:63)
	at sun.reflect.NativeMethodAccessorImpl.invoke0(Native Method)
	at sun.reflect.NativeMethodAccessorImpl.invoke(Unknown Source)
	at sun.reflect.DelegatingMethodAccessorImpl.invoke(Unknown Source)
	at java.lang.reflect.Method.invoke(Unknown Source)
	at org.testng.internal.MethodInvocationHelper.invokeMethod(MethodInvocationHelper.java:80)
	at org.testng.internal.Invoker.invokeMethod(Invoker.java:714)
	at org.testng.internal.Invoker.invokeTestMethod(Invoker.java:901)
	at org.testng.internal.Invoker.invokeTestMethods(Invoker.java:1231)
	at org.testng.internal.TestMethodWorker.invokeTestMethods(TestMethodWorker.java:127)
	at org.testng.internal.TestMethodWorker.run(TestMethodWorker.java:111)
	at org.testng.TestRunner.privateRun(TestRunner.java:767)
	at org.testng.TestRunner.run(TestRunner.java:617)
	at org.testng.SuiteRunner.runTest(SuiteRunner.java:334)
	at org.testng.SuiteRunner.runSequentially(SuiteRunner.java:329)
	at org.testng.SuiteRunner.privateRun(SuiteRunner.java:291)
	at org.testng.SuiteRunner.run(SuiteRunner.java:240)
	at org.testng.SuiteRunnerWorker.runSuite(SuiteRunnerWorker.java:52)
	at org.testng.SuiteRunnerWorker.run(SuiteRunnerWorker.java:86)
	at org.testng.TestNG.runSuitesSequentially(TestNG.java:1198)
	at org.testng.TestNG.runSuitesLocally(TestNG.java:1123)
	at org.testng.TestNG.run(TestNG.java:1031)
	at org.testng.remote.AbstractRemoteTestNG.run(AbstractRemoteTestNG.java:115)
	at org.testng.remote.RemoteTestNG.initAndRun(RemoteTestNG.java:251)
	at org.testng.remote.RemoteTestNG.main(RemoteTestNG.java:77)
]]>
            </full-stacktrace>
          </exception> <!-- java.lang.AssertionError -->
          <reporter-output>
          </reporter-output>
        </test-method> <!-- getPlanetByID_Negative -->
        <test-method status="PASS" signature="getPlanetByID_Positive()[pri:0, instance:task.one.SWAPI.Planets.StarWarsAPI@5034c75a]" name="getPlanetByID_Positive" duration-ms="1153" started-at="2019-05-21T00:46:29Z" finished-at="2019-05-21T00:46:30Z">
          <reporter-output>
          </reporter-output>
        </test-method> <!-- getPlanetByID_Positive -->
        <test-method status="PASS" signature="getResponseTime()[pri:0, instance:task.one.SWAPI.Planets.StarWarsAPI@5034c75a]" name="getResponseTime" duration-ms="238" started-at="2019-05-21T00:46:30Z" finished-at="2019-05-21T00:46:30Z">
          <reporter-output>
          </reporter-output>
        </test-method> <!-- getResponseTime -->
        <test-method status="PASS" signature="verifyResponseCode()[pri:0, instance:task.one.SWAPI.Planets.StarWarsAPI@5034c75a]" name="verifyResponseCode" duration-ms="475" started-at="2019-05-21T00:46:30Z" finished-at="2019-05-21T00:46:31Z">
          <reporter-output>
          </reporter-output>
        </test-method> <!-- verifyResponseCode -->
      </class> <!-- task.one.SWAPI.Planets.StarWarsAPI -->
    </test> <!-- Default test -->
  </suite> <!-- Default suite -->
</testng-results>
